<?xml version="1.0" encoding="UTF-8"?>
<!-- Generated by org.testng.reporters.JUnitReportReporter -->
<testsuite hostname="DESKTOP-B590JJL" failures="0" tests="4" name="api.test.UserTest2" time="6.995" errors="0" timestamp="2023-10-18T13:17:43 IST" skipped="0">
  <testcase classname="api.test.UserTest2" name="testPostUser" time="2.939"/>
  <system-out/>
  <testcase classname="api.test.UserTest2" name="testGetUser" time="1.395"/>
  <system-out/>
  <testcase classname="api.test.UserTest2" name="testUpdateUser" time="1.361"/>
  <system-out/>
  <testcase classname="api.test.UserTest2" name="testDaleteUser" time="1.300"/>
  <system-out/>
</testsuite> <!-- api.test.UserTest2 -->
