<?xml version="1.0" encoding="UTF-8"?>
<!-- Generated by org.testng.reporters.JUnitReportReporter -->
<testsuite hostname="DESKTOP-B590JJL" failures="0" tests="10" name="api.test.DDUserTest" time="12.974" errors="0" timestamp="2023-10-13T13:03:43 IST" skipped="0">
  <testcase classname="api.test.DDUserTest" name="testPostUser" time="1.315"/>
  <system-out/>
  <testcase classname="api.test.DDUserTest" name="testPostUser" time="1.272"/>
  <system-out/>
  <testcase classname="api.test.DDUserTest" name="testPostUser" time="1.282"/>
  <system-out/>
  <testcase classname="api.test.DDUserTest" name="testPostUser" time="1.305"/>
  <system-out/>
  <testcase classname="api.test.DDUserTest" name="testPostUser" time="1.279"/>
  <system-out/>
  <testcase classname="api.test.DDUserTest" name="testDeleteUser" time="1.330"/>
  <system-out/>
  <testcase classname="api.test.DDUserTest" name="testDeleteUser" time="1.292"/>
  <system-out/>
  <testcase classname="api.test.DDUserTest" name="testDeleteUser" time="1.337"/>
  <system-out/>
  <testcase classname="api.test.DDUserTest" name="testDeleteUser" time="1.276"/>
  <system-out/>
  <testcase classname="api.test.DDUserTest" name="testDeleteUser" time="1.286"/>
  <system-out/>
</testsuite> <!-- api.test.DDUserTest -->
