<?xml version="1.0" encoding="UTF-8"?>
<!-- Generated by org.testng.reporters.JUnitReportReporter -->
<testsuite hostname="DESKTOP-B590JJL" failures="0" tests="4" name="api.test.UserTest" time="7.046" errors="0" timestamp="2023-10-18T12:28:32 IST" skipped="0">
  <testcase classname="api.test.UserTest" name="testPostUser" time="3.033"/>
  <system-out/>
  <testcase classname="api.test.UserTest" name="testGetUser" time="1.376"/>
  <system-out/>
  <testcase classname="api.test.UserTest" name="testUpdateUser" time="1.316"/>
  <system-out/>
  <testcase classname="api.test.UserTest" name="testDaleteUser" time="1.321"/>
  <system-out/>
</testsuite> <!-- api.test.UserTest -->
