<?xml version="1.0" encoding="UTF-8"?>
<!-- Generated by org.testng.reporters.JUnitReportReporter -->
<testsuite hostname="DESKTOP-B590JJL" failures="0" tests="4" name="api.test.UserTest2" time="7.215" errors="0" timestamp="2023-10-19T13:50:04 IST" skipped="0">
  <testcase classname="api.test.UserTest2" name="testPostUser" time="3.275"/>
  <system-out/>
  <testcase classname="api.test.UserTest2" name="testGetUser" time="1.303"/>
  <system-out/>
  <testcase classname="api.test.UserTest2" name="testUpdateUser" time="1.296"/>
  <system-out/>
  <testcase classname="api.test.UserTest2" name="testDaleteUser" time="1.341"/>
  <system-out/>
</testsuite> <!-- api.test.UserTest2 -->
